<?xml version="1.0" encoding="UTF-8"?>
<testng-results ignored="0" total="1" passed="1" failed="0" skipped="0">
  <reporter-output>
  </reporter-output>
  <suite started-at="2024-06-27T14:30:20 IST" name="Default suite" finished-at="2024-06-27T14:30:27 IST" duration-ms="7333">
    <groups>
    </groups>
    <test started-at="2024-06-27T14:30:20 IST" name="Default test" finished-at="2024-06-27T14:30:27 IST" duration-ms="7333">
      <class name="MyProject.Test1">
        <test-method signature="m1test()[pri:0, instance:MyProject.Test1@63376bed]" started-at="2024-06-27T14:30:20 IST" name="m1test" finished-at="2024-06-27T14:30:27 IST" duration-ms="7238" status="PASS">
          <reporter-output>
          </reporter-output>
        </test-method> <!-- m1test -->
      </class> <!-- MyProject.Test1 -->
    </test> <!-- Default test -->
  </suite> <!-- Default suite -->
</testng-results>
